2026-07-14 15:19:44,522 [INFO] fetcher: Fetching blacklist from AbuseIPDB (confidence>=90, limit=10000)
2026-07-14 15:19:47,988 [INFO] fetcher: Fetched 10000 blacklist records
2026-07-14 15:19:47,990 [INFO] writer: Checkpoint file opened: checkpoints\pull_20260714_101944.jsonl
2026-07-14 15:22:30,618 [INFO] shutdown: Received SIGINT — graceful shutdown requested
2026-07-14 15:22:30,619 [INFO] __main__: Graceful stop requested, ending pull early
2026-07-14 15:22:30,620 [INFO] writer: Checkpoint file closed: checkpoints\pull_20260714_101944.jsonl
2026-07-14 15:22:30,621 [INFO] stix_converter: Starting STIX conversion...
2026-07-14 15:22:32,101 [INFO] stix_converter: Converted 500 indicators...
2026-07-14 15:22:33,595 [INFO] stix_converter: Converted 1000 indicators...
2026-07-14 15:22:34,938 [INFO] stix_converter: Converted 1500 indicators...
2026-07-14 15:22:36,226 [INFO] stix_converter: Converted 2000 indicators...
2026-07-14 15:22:37,619 [INFO] stix_converter: Converted 2500 indicators...
2026-07-14 15:22:38,873 [INFO] stix_converter: Converted 3000 indicators...
2026-07-14 15:22:40,157 [INFO] stix_converter: Converted 3500 indicators...
2026-07-14 15:22:41,437 [INFO] stix_converter: Converted 4000 indicators...
2026-07-14 15:22:42,712 [INFO] stix_converter: Converted 4500 indicators...
2026-07-14 15:22:44,129 [INFO] stix_converter: Converted 5000 indicators...
2026-07-14 15:22:45,552 [INFO] stix_converter: Converted 5500 indicators...
2026-07-14 15:22:46,796 [INFO] stix_converter: Building STIX bundle...
2026-07-14 15:22:47,177 [INFO] stix_converter: Writing STIX bundle to output file...
2026-07-14 15:22:47,178 [INFO] stix_converter: Serializing STIX bundle...
2026-07-14 15:22:49,044 [INFO] stix_converter: STIX conversion completed successfully.
2026-07-14 15:22:49,044 [INFO] stix_converter: Converted 5920 records (0 skipped) to STIX bundle at output\stix_bundle_20260714_101944.json
2026-07-14 15:22:49,045 [INFO] __main__: SUMMARY: pulled=5920 converted=5920 checkpoint=checkpoints\pull_20260714_101944.jsonl output=output\stix_bundle_20260714_101944.json runtime=184.52s
