2026-07-14 12:45:45,021 [INFO] fetcher: Fetching blacklist from AbuseIPDB (confidence>=90, limit=10000)
2026-07-14 12:45:48,113 [INFO] fetcher: Fetched 10000 blacklist records
2026-07-14 12:45:48,114 [INFO] writer: Checkpoint file opened: checkpoints\pull_20260714_074545.jsonl
2026-07-14 12:50:41,919 [INFO] writer: Checkpoint file closed: checkpoints\pull_20260714_074545.jsonl
2026-07-14 12:50:41,919 [INFO] stix_converter: Starting STIX conversion...
2026-07-14 12:50:43,107 [INFO] stix_converter: Converted 500 indicators...
2026-07-14 12:50:44,392 [INFO] stix_converter: Converted 1000 indicators...
2026-07-14 12:50:45,431 [INFO] stix_converter: Converted 1500 indicators...
2026-07-14 12:50:46,523 [INFO] stix_converter: Converted 2000 indicators...
2026-07-14 12:50:47,596 [INFO] stix_converter: Converted 2500 indicators...
2026-07-14 12:50:48,890 [INFO] stix_converter: Converted 3000 indicators...
2026-07-14 12:50:50,378 [INFO] stix_converter: Converted 3500 indicators...
2026-07-14 12:50:51,846 [INFO] stix_converter: Converted 4000 indicators...
2026-07-14 12:50:53,456 [INFO] stix_converter: Converted 4500 indicators...
2026-07-14 12:50:55,072 [INFO] stix_converter: Converted 5000 indicators...
2026-07-14 12:50:56,415 [INFO] stix_converter: Converted 5500 indicators...
2026-07-14 12:50:57,652 [INFO] stix_converter: Converted 6000 indicators...
2026-07-14 12:50:59,243 [INFO] stix_converter: Converted 6500 indicators...
2026-07-14 12:51:00,430 [INFO] stix_converter: Converted 7000 indicators...
2026-07-14 12:51:01,701 [INFO] stix_converter: Converted 7500 indicators...
2026-07-14 12:51:03,007 [INFO] stix_converter: Converted 8000 indicators...
2026-07-14 12:51:04,268 [INFO] stix_converter: Converted 8500 indicators...
2026-07-14 12:51:05,602 [INFO] stix_converter: Converted 9000 indicators...
2026-07-14 12:51:06,636 [INFO] stix_converter: Converted 9500 indicators...
2026-07-14 12:51:07,607 [INFO] stix_converter: Converted 10000 indicators...
2026-07-14 12:51:07,607 [INFO] stix_converter: Building STIX bundle...
2026-07-14 12:51:08,178 [INFO] stix_converter: Writing STIX bundle to output file...
2026-07-14 12:51:08,179 [INFO] stix_converter: Serializing STIX bundle...
2026-07-14 15:17:27,022 [INFO] shutdown: Received SIGINT — graceful shutdown requested
2026-07-14 15:17:32,891 [INFO] shutdown: Received SIGINT — graceful shutdown requested
2026-07-14 15:17:33,381 [INFO] shutdown: Received SIGINT — graceful shutdown requested
2026-07-14 15:17:33,699 [INFO] shutdown: Received SIGINT — graceful shutdown requested
2026-07-14 15:17:33,979 [INFO] shutdown: Received SIGINT — graceful shutdown requested
2026-07-14 15:17:34,190 [INFO] shutdown: Received SIGINT — graceful shutdown requested
2026-07-14 15:17:34,395 [INFO] shutdown: Received SIGINT — graceful shutdown requested
2026-07-14 15:17:34,614 [INFO] shutdown: Received SIGINT — graceful shutdown requested
2026-07-14 15:17:34,797 [INFO] shutdown: Received SIGINT — graceful shutdown requested
2026-07-14 15:17:35,002 [INFO] shutdown: Received SIGINT — graceful shutdown requested
