2026-07-15 14:48:19,030 [INFO] fetcher: Fetching blacklist from AbuseIPDB (confidence>=90, limit=10000)
2026-07-15 14:48:22,399 [INFO] fetcher: Fetched 10000 blacklist records
2026-07-15 14:48:22,401 [INFO] writer: Checkpoint file opened: checkpoints\pull_20260715_094819.jsonl
2026-07-15 14:53:11,247 [INFO] writer: Checkpoint file closed: checkpoints\pull_20260715_094819.jsonl
2026-07-15 14:53:11,247 [INFO] stix_converter: Starting STIX conversion...
2026-07-15 14:53:12,663 [INFO] stix_converter: Converted 500 indicators...
2026-07-15 14:53:14,007 [INFO] stix_converter: Converted 1000 indicators...
2026-07-15 14:53:15,194 [INFO] stix_converter: Converted 1500 indicators...
2026-07-15 14:53:16,398 [INFO] stix_converter: Converted 2000 indicators...
2026-07-15 14:53:17,770 [INFO] stix_converter: Converted 2500 indicators...
2026-07-15 14:53:18,998 [INFO] stix_converter: Converted 3000 indicators...
2026-07-15 14:53:20,256 [INFO] stix_converter: Converted 3500 indicators...
2026-07-15 14:53:21,623 [INFO] stix_converter: Converted 4000 indicators...
2026-07-15 14:53:22,865 [INFO] stix_converter: Converted 4500 indicators...
2026-07-15 14:53:24,098 [INFO] stix_converter: Converted 5000 indicators...
2026-07-15 14:53:25,276 [INFO] stix_converter: Converted 5500 indicators...
2026-07-15 14:53:26,460 [INFO] stix_converter: Converted 6000 indicators...
2026-07-15 14:53:27,729 [INFO] stix_converter: Converted 6500 indicators...
2026-07-15 14:53:28,953 [INFO] stix_converter: Converted 7000 indicators...
2026-07-15 14:53:30,525 [INFO] stix_converter: Converted 7500 indicators...
2026-07-15 14:53:31,920 [INFO] stix_converter: Converted 8000 indicators...
2026-07-15 14:53:33,283 [INFO] stix_converter: Converted 8500 indicators...
2026-07-15 14:53:34,644 [INFO] stix_converter: Converted 9000 indicators...
2026-07-15 14:53:35,829 [INFO] stix_converter: Converted 9500 indicators...
2026-07-15 14:53:37,038 [INFO] stix_converter: Converted 10000 indicators...
2026-07-15 14:53:37,039 [INFO] stix_converter: Building STIX bundle...
2026-07-15 14:53:37,641 [INFO] stix_converter: Writing STIX bundle to output file...
2026-07-15 14:53:37,642 [INFO] stix_converter: Serializing STIX bundle...
2026-07-15 14:53:39,673 [INFO] stix_converter: STIX conversion completed successfully.
2026-07-15 14:53:39,673 [INFO] stix_converter: Converted 10000 records (0 skipped) to STIX bundle at output\stix_bundle_20260715_094819.json
2026-07-15 14:53:39,673 [INFO] __main__: SUMMARY: pulled=10000 converted=10000 checkpoint=checkpoints\pull_20260715_094819.jsonl output=output\stix_bundle_20260715_094819.json runtime=320.64s
